imagepickerlib/build/intermediates/manifest_merge_blame_file/debug/manifest-merger-blame-debug-report.txt
1<?xml version="1.0" encoding="utf-8"?>
2<manifest xmlns:android="http://schemas.android.com/apk/res/android"
3    package="com.image.picker"
4    android:versionCode="1"
5    android:versionName="1.0" >
6
7    <uses-sdk
8        android:minSdkVersion="15"
8-->src/main/AndroidManifest.xml
9        android:targetSdkVersion="28" />
9-->src/main/AndroidManifest.xml
10
11    <uses-permission android:name="android.permission.INTERNET" />
11-->src/main/AndroidManifest.xml:4:5-67
11-->src/main/AndroidManifest.xml:4:22-64
12    <uses-permission android:name="android.permission.READ_EXTERNAL_STORAGE" />
12-->src/main/AndroidManifest.xml:5:5-80
12-->src/main/AndroidManifest.xml:5:22-77
13    <uses-permission android:name="android.permission.WRITE_EXTERNAL_STORAGE" />
13-->src/main/AndroidManifest.xml:6:5-81
13-->src/main/AndroidManifest.xml:6:22-78
14    <uses-permission android:name="android.permission.CAMERA" />
14-->src/main/AndroidManifest.xml:7:5-65
14-->src/main/AndroidManifest.xml:7:22-62
15
16    <application
16-->src/main/AndroidManifest.xml:9:5-36:19
17        android:label="@string/app_name"
17-->src/main/AndroidManifest.xml:10:9-41
18        android:theme="@style/AppTheme" >
18-->src/main/AndroidManifest.xml:11:9-40
19        <provider
19-->src/main/AndroidManifest.xml:13:9-21:20
20            android:name="android.support.v4.content.FileProvider"
20-->src/main/AndroidManifest.xml:14:13-67
21            android:authorities="dollar_openBracket_applicationId_closeBracket.provider"
21-->src/main/AndroidManifest.xml:15:13-60
22            android:exported="false"
22-->src/main/AndroidManifest.xml:16:13-37
23            android:grantUriPermissions="true" >
23-->src/main/AndroidManifest.xml:17:13-47
24            <meta-data
24-->src/main/AndroidManifest.xml:18:13-20:58
25                android:name="android.support.FILE_PROVIDER_PATHS"
25-->src/main/AndroidManifest.xml:19:17-67
26                android:resource="@xml/provider_paths" />
26-->src/main/AndroidManifest.xml:20:17-55
27        </provider>
28
29        <activity
29-->src/main/AndroidManifest.xml:23:9-26:59
30            android:name="com.image.picker.CropImageActivity"
30-->src/main/AndroidManifest.xml:24:13-46
31            android:screenOrientation="portrait"
31-->src/main/AndroidManifest.xml:25:13-49
32            android:theme="@style/Base.Theme.AppCompat" />
32-->src/main/AndroidManifest.xml:26:13-56
33        <activity
33-->src/main/AndroidManifest.xml:28:9-30:52
34            android:name="com.image.picker.CropActivity"
34-->src/main/AndroidManifest.xml:29:13-41
35            android:screenOrientation="portrait" />
35-->src/main/AndroidManifest.xml:30:13-49
36        <activity
36-->src/main/AndroidManifest.xml:32:9-34:52
37            android:name="com.image.picker.PickedImageActivity"
37-->src/main/AndroidManifest.xml:33:13-48
38            android:screenOrientation="portrait" />
38-->src/main/AndroidManifest.xml:34:13-49
39    </application>
40
41</manifest>